<?xml version="1.0" encoding="UTF-8" standalone="no"?>
<!DOCTYPE log SYSTEM "logger.dtd">
<log>
<record>
  <date>2023-08-12T17:40:54.936298800Z</date>
  <millis>1691862054936</millis>
  <nanos>298800</nanos>
  <sequence>1</sequence>
  <logger>granicni_prelaz.javaprojekat2023.simulation.Simulation</logger>
  <level>SEVERE</level>
  <class>granicni_prelaz.javaprojekat2023.util.SimulationLogger</class>
  <method>log</method>
  <thread>19</thread>
  <exception>
    <message>granicni_prelaz.javaprojekat2023.exceptions.MapLoadingException</message>
    <frame>
      <class>granicni_prelaz.javaprojekat2023.json.PathJsonParser</class>
      <method>getPathFromJson</method>
      <line>46</line>
    </frame>
    <frame>
      <class>granicni_prelaz.javaprojekat2023.simulation.Simulation</class>
      <method>initPath</method>
      <line>25</line>
    </frame>
    <frame>
      <class>granicni_prelaz.javaprojekat2023.simulation.Simulation</class>
      <method>&lt;clinit&gt;</method>
      <line>17</line>
    </frame>
    <frame>
      <class>granicni_prelaz.javaprojekat2023.controllers.SimulationController</class>
      <method>setSimulationController</method>
      <line>72</line>
    </frame>
    <frame>
      <class>granicni_prelaz.javaprojekat2023.controllers.SimulationController</class>
      <method>initialize</method>
      <line>60</line>
    </frame>
    <frame>
      <class>javafx.fxml.FXMLLoader</class>
      <method>loadImpl</method>
      <line>2655</line>
    </frame>
    <frame>
      <class>javafx.fxml.FXMLLoader</class>
      <method>loadImpl</method>
      <line>2548</line>
    </frame>
    <frame>
      <class>javafx.fxml.FXMLLoader</class>
      <method>load</method>
      <line>2516</line>
    </frame>
    <frame>
      <class>granicni_prelaz.javaprojekat2023.HelloApplication</class>
      <method>start</method>
      <line>14</line>
    </frame>
    <frame>
      <class>com.sun.javafx.application.LauncherImpl</class>
      <method>lambda$launchApplication1$9</method>
      <line>847</line>
    </frame>
    <frame>
      <class>com.sun.javafx.application.PlatformImpl</class>
      <method>lambda$runAndWait$12</method>
      <line>484</line>
    </frame>
    <frame>
      <class>com.sun.javafx.application.PlatformImpl</class>
      <method>lambda$runLater$10</method>
      <line>457</line>
    </frame>
    <frame>
      <class>java.security.AccessController</class>
      <method>doPrivileged</method>
      <line>399</line>
    </frame>
    <frame>
      <class>com.sun.javafx.application.PlatformImpl</class>
      <method>lambda$runLater$11</method>
      <line>456</line>
    </frame>
    <frame>
      <class>com.sun.glass.ui.InvokeLaterDispatcher$Future</class>
      <method>run</method>
      <line>96</line>
    </frame>
    <frame>
      <class>com.sun.glass.ui.win.WinApplication</class>
      <method>_runLoop</method>
    </frame>
    <frame>
      <class>com.sun.glass.ui.win.WinApplication</class>
      <method>lambda$runLoop$3</method>
      <line>184</line>
    </frame>
    <frame>
      <class>java.lang.Thread</class>
      <method>run</method>
      <line>833</line>
    </frame>
  </exception>
</record>
</log>
