<?xml version="1.0" encoding="UTF-8" standalone="no"?>
<!DOCTYPE log SYSTEM "logger.dtd">
<log>
<record>
  <date>2023-08-19T14:27:44.475222Z</date>
  <millis>1692455264475</millis>
  <nanos>222000</nanos>
  <sequence>2</sequence>
  <logger>granicni_prelaz.javaprojekat2023.incident.IncidentUtil</logger>
  <level>SEVERE</level>
  <class>granicni_prelaz.javaprojekat2023.util.SimulationLogger</class>
  <method>log</method>
  <thread>24</thread>
  <message>granicni_prelaz.javaprojekat2023.gadgets.IdentificationDocument</message>
  <exception>
    <message>java.io.NotSerializableException: granicni_prelaz.javaprojekat2023.gadgets.IdentificationDocument</message>
    <frame>
      <class>java.io.ObjectOutputStream</class>
      <method>writeObject0</method>
      <line>1197</line>
    </frame>
    <frame>
      <class>java.io.ObjectOutputStream</class>
      <method>defaultWriteFields</method>
      <line>1582</line>
    </frame>
    <frame>
      <class>java.io.ObjectOutputStream</class>
      <method>writeSerialData</method>
      <line>1539</line>
    </frame>
    <frame>
      <class>java.io.ObjectOutputStream</class>
      <method>writeOrdinaryObject</method>
      <line>1448</line>
    </frame>
    <frame>
      <class>java.io.ObjectOutputStream</class>
      <method>writeObject0</method>
      <line>1191</line>
    </frame>
    <frame>
      <class>java.io.ObjectOutputStream</class>
      <method>writeObject</method>
      <line>354</line>
    </frame>
    <frame>
      <class>java.util.ArrayList</class>
      <method>writeObject</method>
      <line>866</line>
    </frame>
    <frame>
      <class>jdk.internal.reflect.NativeMethodAccessorImpl</class>
      <method>invoke0</method>
    </frame>
    <frame>
      <class>jdk.internal.reflect.NativeMethodAccessorImpl</class>
      <method>invoke</method>
      <line>77</line>
    </frame>
    <frame>
      <class>jdk.internal.reflect.DelegatingMethodAccessorImpl</class>
      <method>invoke</method>
      <line>43</line>
    </frame>
    <frame>
      <class>java.lang.reflect.Method</class>
      <method>invoke</method>
      <line>568</line>
    </frame>
    <frame>
      <class>java.io.ObjectStreamClass</class>
      <method>invokeWriteObject</method>
      <line>1201</line>
    </frame>
    <frame>
      <class>java.io.ObjectOutputStream</class>
      <method>writeSerialData</method>
      <line>1526</line>
    </frame>
    <frame>
      <class>java.io.ObjectOutputStream</class>
      <method>writeOrdinaryObject</method>
      <line>1448</line>
    </frame>
    <frame>
      <class>java.io.ObjectOutputStream</class>
      <method>writeObject0</method>
      <line>1191</line>
    </frame>
    <frame>
      <class>java.io.ObjectOutputStream</class>
      <method>defaultWriteFields</method>
      <line>1582</line>
    </frame>
    <frame>
      <class>java.io.ObjectOutputStream</class>
      <method>writeSerialData</method>
      <line>1539</line>
    </frame>
    <frame>
      <class>java.io.ObjectOutputStream</class>
      <method>writeOrdinaryObject</method>
      <line>1448</line>
    </frame>
    <frame>
      <class>java.io.ObjectOutputStream</class>
      <method>writeObject0</method>
      <line>1191</line>
    </frame>
    <frame>
      <class>java.io.ObjectOutputStream</class>
      <method>writeObject</method>
      <line>354</line>
    </frame>
    <frame>
      <class>granicni_prelaz.javaprojekat2023.incident.IncidentUtil</class>
      <method>writeListOfPunishedPersonsIntoFile</method>
      <line>30</line>
    </frame>
    <frame>
      <class>granicni_prelaz.javaprojekat2023.simulation.Simulation</class>
      <method>finishGame</method>
      <line>96</line>
    </frame>
    <frame>
      <class>granicni_prelaz.javaprojekat2023.simulation.Simulation</class>
      <method>run</method>
      <line>84</line>
    </frame>
  </exception>
</record>
</log>
