<?xml version="1.0" encoding="UTF-8" standalone="no"?>
<!DOCTYPE log SYSTEM "logger.dtd">
<log>
<record>
  <date>2023-08-19T16:24:34.262707300Z</date>
  <millis>1692462274262</millis>
  <nanos>707300</nanos>
  <sequence>8</sequence>
  <logger>granicni_prelaz.javaprojekat2023.incident.IncidentUtil</logger>
  <level>SEVERE</level>
  <class>granicni_prelaz.javaprojekat2023.util.SimulationLogger</class>
  <method>log</method>
  <thread>19</thread>
  <message>granicni_prelaz.javaprojekat2023.persons.Person; local class incompatible: stream classdesc serialVersionUID = -2128866366449340568, local class serialVersionUID = -3952251883800141792</message>
  <exception>
    <message>java.io.InvalidClassException: granicni_prelaz.javaprojekat2023.persons.Person; local class incompatible: stream classdesc serialVersionUID = -2128866366449340568, local class serialVersionUID = -3952251883800141792</message>
    <frame>
      <class>java.io.ObjectStreamClass</class>
      <method>initNonProxy</method>
      <line>728</line>
    </frame>
    <frame>
      <class>java.io.ObjectInputStream</class>
      <method>readNonProxyDesc</method>
      <line>2062</line>
    </frame>
    <frame>
      <class>java.io.ObjectInputStream</class>
      <method>readClassDesc</method>
      <line>1909</line>
    </frame>
    <frame>
      <class>java.io.ObjectInputStream</class>
      <method>readNonProxyDesc</method>
      <line>2062</line>
    </frame>
    <frame>
      <class>java.io.ObjectInputStream</class>
      <method>readClassDesc</method>
      <line>1909</line>
    </frame>
    <frame>
      <class>java.io.ObjectInputStream</class>
      <method>readOrdinaryObject</method>
      <line>2235</line>
    </frame>
    <frame>
      <class>java.io.ObjectInputStream</class>
      <method>readObject0</method>
      <line>1744</line>
    </frame>
    <frame>
      <class>java.io.ObjectInputStream</class>
      <method>readObject</method>
      <line>514</line>
    </frame>
    <frame>
      <class>java.io.ObjectInputStream</class>
      <method>readObject</method>
      <line>472</line>
    </frame>
    <frame>
      <class>java.util.ArrayList</class>
      <method>readObject</method>
      <line>899</line>
    </frame>
    <frame>
      <class>jdk.internal.reflect.NativeMethodAccessorImpl</class>
      <method>invoke0</method>
    </frame>
    <frame>
      <class>jdk.internal.reflect.NativeMethodAccessorImpl</class>
      <method>invoke</method>
      <line>77</line>
    </frame>
    <frame>
      <class>jdk.internal.reflect.DelegatingMethodAccessorImpl</class>
      <method>invoke</method>
      <line>43</line>
    </frame>
    <frame>
      <class>java.lang.reflect.Method</class>
      <method>invoke</method>
      <line>568</line>
    </frame>
    <frame>
      <class>java.io.ObjectStreamClass</class>
      <method>invokeReadObject</method>
      <line>1231</line>
    </frame>
    <frame>
      <class>java.io.ObjectInputStream</class>
      <method>readSerialData</method>
      <line>2434</line>
    </frame>
    <frame>
      <class>java.io.ObjectInputStream</class>
      <method>readOrdinaryObject</method>
      <line>2268</line>
    </frame>
    <frame>
      <class>java.io.ObjectInputStream</class>
      <method>readObject0</method>
      <line>1744</line>
    </frame>
    <frame>
      <class>java.io.ObjectInputStream$FieldValues</class>
      <method>&lt;init&gt;</method>
      <line>2617</line>
    </frame>
    <frame>
      <class>java.io.ObjectInputStream</class>
      <method>readSerialData</method>
      <line>2468</line>
    </frame>
    <frame>
      <class>java.io.ObjectInputStream</class>
      <method>readOrdinaryObject</method>
      <line>2268</line>
    </frame>
    <frame>
      <class>java.io.ObjectInputStream</class>
      <method>readObject0</method>
      <line>1744</line>
    </frame>
    <frame>
      <class>java.io.ObjectInputStream</class>
      <method>readObject</method>
      <line>514</line>
    </frame>
    <frame>
      <class>java.io.ObjectInputStream</class>
      <method>readObject</method>
      <line>472</line>
    </frame>
    <frame>
      <class>granicni_prelaz.javaprojekat2023.incident.IncidentUtil</class>
      <method>readListOfPunishedPersonsFromFile</method>
      <line>64</line>
    </frame>
    <frame>
      <class>granicni_prelaz.javaprojekat2023.controllers.PoliceRecordViewController$1</class>
      <method>handle</method>
      <line>54</line>
    </frame>
    <frame>
      <class>granicni_prelaz.javaprojekat2023.controllers.PoliceRecordViewController$1</class>
      <method>handle</method>
      <line>42</line>
    </frame>
    <frame>
      <class>com.sun.javafx.event.CompositeEventHandler</class>
      <method>dispatchBubblingEvent</method>
      <line>86</line>
    </frame>
    <frame>
      <class>com.sun.javafx.event.EventHandlerManager</class>
      <method>dispatchBubblingEvent</method>
      <line>234</line>
    </frame>
    <frame>
      <class>com.sun.javafx.event.EventHandlerManager</class>
      <method>dispatchBubblingEvent</method>
      <line>191</line>
    </frame>
    <frame>
      <class>com.sun.javafx.event.CompositeEventDispatcher</class>
      <method>dispatchBubblingEvent</method>
      <line>59</line>
    </frame>
    <frame>
      <class>com.sun.javafx.event.BasicEventDispatcher</class>
      <method>dispatchEvent</method>
      <line>58</line>
    </frame>
    <frame>
      <class>com.sun.javafx.event.EventDispatchChainImpl</class>
      <method>dispatchEvent</method>
      <line>114</line>
    </frame>
    <frame>
      <class>com.sun.javafx.event.BasicEventDispatcher</class>
      <method>dispatchEvent</method>
      <line>56</line>
    </frame>
    <frame>
      <class>com.sun.javafx.event.EventDispatchChainImpl</class>
      <method>dispatchEvent</method>
      <line>114</line>
    </frame>
    <frame>
      <class>com.sun.javafx.event.BasicEventDispatcher</class>
      <method>dispatchEvent</method>
      <line>56</line>
    </frame>
    <frame>
      <class>com.sun.javafx.event.EventDispatchChainImpl</class>
      <method>dispatchEvent</method>
      <line>114</line>
    </frame>
    <frame>
      <class>com.sun.javafx.event.EventUtil</class>
      <method>fireEventImpl</method>
      <line>74</line>
    </frame>
    <frame>
      <class>com.sun.javafx.event.EventUtil</class>
      <method>fireEvent</method>
      <line>54</line>
    </frame>
    <frame>
      <class>javafx.event.Event</class>
      <method>fireEvent</method>
      <line>198</line>
    </frame>
    <frame>
      <class>javafx.scene.Scene$ClickGenerator</class>
      <method>postProcess</method>
      <line>3602</line>
    </frame>
    <frame>
      <class>javafx.scene.Scene$MouseHandler</class>
      <method>process</method>
      <line>3906</line>
    </frame>
    <frame>
      <class>javafx.scene.Scene</class>
      <method>processMouseEvent</method>
      <line>1878</line>
    </frame>
    <frame>
      <class>javafx.scene.Scene$ScenePeerListener</class>
      <method>mouseEvent</method>
      <line>2623</line>
    </frame>
    <frame>
      <class>com.sun.javafx.tk.quantum.GlassViewEventHandler$MouseEventNotification</class>
      <method>run</method>
      <line>411</line>
    </frame>
    <frame>
      <class>com.sun.javafx.tk.quantum.GlassViewEventHandler$MouseEventNotification</class>
      <method>run</method>
      <line>301</line>
    </frame>
    <frame>
      <class>java.security.AccessController</class>
      <method>doPrivileged</method>
      <line>399</line>
    </frame>
    <frame>
      <class>com.sun.javafx.tk.quantum.GlassViewEventHandler</class>
      <method>lambda$handleMouseEvent$2</method>
      <line>450</line>
    </frame>
    <frame>
      <class>com.sun.javafx.tk.quantum.QuantumToolkit</class>
      <method>runWithoutRenderLock</method>
      <line>424</line>
    </frame>
    <frame>
      <class>com.sun.javafx.tk.quantum.GlassViewEventHandler</class>
      <method>handleMouseEvent</method>
      <line>449</line>
    </frame>
    <frame>
      <class>com.sun.glass.ui.View</class>
      <method>handleMouseEvent</method>
      <line>557</line>
    </frame>
    <frame>
      <class>com.sun.glass.ui.View</class>
      <method>notifyMouse</method>
      <line>943</line>
    </frame>
    <frame>
      <class>com.sun.glass.ui.win.WinApplication</class>
      <method>_runLoop</method>
    </frame>
    <frame>
      <class>com.sun.glass.ui.win.WinApplication</class>
      <method>lambda$runLoop$3</method>
      <line>184</line>
    </frame>
    <frame>
      <class>java.lang.Thread</class>
      <method>run</method>
      <line>833</line>
    </frame>
  </exception>
</record>
</log>
